Using pre-set license
Built from '2020.3/release' branch; Version is '2020.3.12f1 (b3b2c6512326) revision 11776710'; Using compiler version '192528614'; Build Type 'Release'
OS: 'Windows 10 Pro; OS build 19041.804; Version 2004; 64bit' Language: 'en' Physical Memory: 16319 MB
BatchMode: 1, IsHumanControllingUs: 0, StartBugReporterOnCrash: 0, Is64bit: 1, IsPro: 0

 COMMAND LINE ARGUMENTS:
E:\UnityVersions\2020.3.12f1\Editor\Unity.exe
-adb2
-batchMode
-noUpm
-name
AssetImportWorker0
-projectPath
D:/D_Programozas/Languages/C#/Dr Code/Projects/2021.01.08/Dr-Code-FPSShooter/FPSShooter
-logFile
Logs/AssetImportWorker0.log
-srvPort
55496
Successfully changed project path to: D:/D_Programozas/Languages/C#/Dr Code/Projects/2021.01.08/Dr-Code-FPSShooter/FPSShooter
D:/D_Programozas/Languages/C#/Dr Code/Projects/2021.01.08/Dr-Code-FPSShooter/FPSShooter
Using Asset Import Pipeline V2.
Refreshing native plugins compatible for Editor in 38.05 ms, found 2 plugins.
Preloading 0 native plugins for Editor in 0.00 ms.
Initialize engine version: 2020.3.12f1 (b3b2c6512326)
[Subsystems] Discovering subsystems at path E:/UnityVersions/2020.3.12f1/Editor/Data/Resources/UnitySubsystems
[Subsystems] Discovering subsystems at path D:/D_Programozas/Languages/C#/Dr Code/Projects/2021.01.08/Dr-Code-FPSShooter/FPSShooter/Assets
GfxDevice: creating device client; threaded=0
Direct3D:
    Version:  Direct3D 11.0 [level 11.1]
    Renderer: NVIDIA GeForce GTX 1060 6GB (ID=0x1c03)
    Vendor:   
    VRAM:     6052 MB
    Driver:   27.21.14.6677
Initialize mono
Mono path[0] = 'E:/UnityVersions/2020.3.12f1/Editor/Data/Managed'
Mono path[1] = 'E:/UnityVersions/2020.3.12f1/Editor/Data/MonoBleedingEdge/lib/mono/unityjit'
Mono config path = 'E:/UnityVersions/2020.3.12f1/Editor/Data/MonoBleedingEdge/etc'
Using monoOptions --debugger-agent=transport=dt_socket,embedding=1,server=y,suspend=n,address=127.0.0.1:56364
Begin MonoManager ReloadAssembly
Registering precompiled unity dll's ...
Register platform support module: E:/UnityVersions/2020.3.12f1/Editor/Data/PlaybackEngines/WebGLSupport/UnityEditor.WebGL.Extensions.dll
Register platform support module: E:/UnityVersions/2020.3.12f1/Editor/Data/PlaybackEngines/WindowsStandaloneSupport/UnityEditor.WindowsStandalone.Extensions.dll
Register platform support module: E:/UnityVersions/2020.3.12f1/Editor/Data/PlaybackEngines/LinuxStandaloneSupport/UnityEditor.LinuxStandalone.Extensions.dll
Registered in 0.001760 seconds.
Native extension for LinuxStandalone target not found
Native extension for WindowsStandalone target not found
Native extension for WebGL target not found
Refreshing native plugins compatible for Editor in 36.96 ms, found 2 plugins.
Preloading 0 native plugins for Editor in 0.00 ms.
Mono: successfully reloaded assembly
- Completed reload, in 15.693 seconds
Platform modules already initialized, skipping
Registering precompiled user dll's ...
Registered in 0.024730 seconds.
Begin MonoManager ReloadAssembly
Native extension for LinuxStandalone target not found
Native extension for WindowsStandalone target not found
Native extension for WebGL target not found
Refreshing native plugins compatible for Editor in 0.74 ms, found 2 plugins.
Preloading 0 native plugins for Editor in 0.00 ms.
Mono: successfully reloaded assembly
- Completed reload, in  1.136 seconds
Platform modules already initialized, skipping
========================================================================
Worker process is ready to serve import requests
Launched and connected shader compiler UnityShaderCompiler.exe after 0.44 seconds
Refreshing native plugins compatible for Editor in 0.39 ms, found 2 plugins.
Preloading 0 native plugins for Editor in 0.00 ms.
Unloading 1408 Unused Serialized files (Serialized files now loaded: 0)
System memory in use before: 67.4 MB.
System memory in use after: 67.5 MB.

Unloading 18 unused Assets to reduce memory usage. Loaded Objects now: 1847.
Total: 4.441800 ms (FindLiveObjects: 0.278200 ms CreateObjectMapping: 0.061200 ms MarkObjects: 3.968200 ms  DeleteObjects: 0.131400 ms)

AssetImportParameters requested are different than current active one (requested -> active):
  custom:framework-win-MediaFoundation: 216162199b28c13a410421893ffa2e32 -> 
  custom:video-decoder-ogg-theora: a1e56fd34408186e4bbccfd4996cb3dc -> 
  custom:container-muxer-webm: aa71ff27fc2769a1b78a27578f13a17b -> 
  custom:container-demuxer-webm: 4f35f7cbe854078d1ac9338744f61a02 -> 
  custom:container-demuxer-ogg: 62fdf1f143b41e24485cea50d1cbac27 -> 
  custom:video-encoder-webm-vp8: eb34c28f22e8b96e1ab97ce403110664 -> 
  custom:video-decoder-webm-vp8: 9c59270c3fd7afecdb556c50c9e8de78 -> 
  custom:audio-decoder-ogg-vorbis: bf7c407c2cedff20999df2af8eb42d56 -> 
  custom:audio-encoder-webm-vorbis: bf7c407c2cedff20999df2af8eb42d56 -> 
========================================================================
Received Import Request.
  path: Assets/jerrycan/P_Jerrycan_Free.prefab
  artifactKey: Guid(c2006184a69914a439739fe091cd62b8) Importer(815301076,1909f56bfc062723c751e8b465ee728b)
Start importing Assets/jerrycan/P_Jerrycan_Free.prefab using Guid(c2006184a69914a439739fe091cd62b8) Importer(815301076,1909f56bfc062723c751e8b465ee728b)  -> (artifact id: 'bef0b6b23bdca4cdeb34c15f381b5dfd') in 0.382868 seconds 
  Import took 0.386708 seconds .

========================================================================
Received Import Request.
  Time since last request: 0.000784 seconds.
  path: Assets/jerrycan/BulletLeak.cs
  artifactKey: Guid(e70cbe9ac67351241bdbd7c02c279348) Importer(815301076,1909f56bfc062723c751e8b465ee728b)
Start importing Assets/jerrycan/BulletLeak.cs using Guid(e70cbe9ac67351241bdbd7c02c279348) Importer(815301076,1909f56bfc062723c751e8b465ee728b)  -> (artifact id: '5fb6d5280fc4f4402b5591480764691a') in 0.010181 seconds 
  Import took 0.013194 seconds .

========================================================================
Received Prepare
Registering precompiled user dll's ...
Registered in 0.005372 seconds.
Begin MonoManager ReloadAssembly
Native extension for LinuxStandalone target not found
Native extension for WindowsStandalone target not found
Native extension for WebGL target not found
Refreshing native plugins compatible for Editor in 0.35 ms, found 2 plugins.
Preloading 0 native plugins for Editor in 0.00 ms.
Mono: successfully reloaded assembly
- Completed reload, in  1.032 seconds
Platform modules already initialized, skipping
Refreshing native plugins compatible for Editor in 0.39 ms, found 2 plugins.
Preloading 0 native plugins for Editor in 0.00 ms.
Unloading 1402 Unused Serialized files (Serialized files now loaded: 0)
System memory in use before: 70.4 MB.
System memory in use after: 70.5 MB.

Unloading 13 unused Assets to reduce memory usage. Loaded Objects now: 1857.
Total: 2.162300 ms (FindLiveObjects: 0.202900 ms CreateObjectMapping: 0.033700 ms MarkObjects: 1.897700 ms  DeleteObjects: 0.026200 ms)

AssetImportParameters requested are different than current active one (requested -> active):
  custom:framework-win-MediaFoundation: 216162199b28c13a410421893ffa2e32 -> 
  custom:video-decoder-ogg-theora: a1e56fd34408186e4bbccfd4996cb3dc -> 
  custom:container-muxer-webm: aa71ff27fc2769a1b78a27578f13a17b -> 
  custom:container-demuxer-webm: 4f35f7cbe854078d1ac9338744f61a02 -> 
  custom:container-demuxer-ogg: 62fdf1f143b41e24485cea50d1cbac27 -> 
  custom:video-encoder-webm-vp8: eb34c28f22e8b96e1ab97ce403110664 -> 
  custom:video-decoder-webm-vp8: 9c59270c3fd7afecdb556c50c9e8de78 -> 
  custom:audio-decoder-ogg-vorbis: bf7c407c2cedff20999df2af8eb42d56 -> 
  custom:audio-encoder-webm-vorbis: bf7c407c2cedff20999df2af8eb42d56 -> 
========================================================================
Received Prepare
Registering precompiled user dll's ...
Registered in 0.005766 seconds.
Begin MonoManager ReloadAssembly
Native extension for LinuxStandalone target not found
Native extension for WindowsStandalone target not found
Native extension for WebGL target not found
Refreshing native plugins compatible for Editor in 0.35 ms, found 2 plugins.
Preloading 0 native plugins for Editor in 0.00 ms.
Mono: successfully reloaded assembly
- Completed reload, in  0.950 seconds
Platform modules already initialized, skipping
Refreshing native plugins compatible for Editor in 0.34 ms, found 2 plugins.
Preloading 0 native plugins for Editor in 0.00 ms.
Unloading 1402 Unused Serialized files (Serialized files now loaded: 0)
System memory in use before: 70.4 MB.
System memory in use after: 70.5 MB.

Unloading 13 unused Assets to reduce memory usage. Loaded Objects now: 1860.
Total: 1.818500 ms (FindLiveObjects: 0.168600 ms CreateObjectMapping: 0.031500 ms MarkObjects: 1.598900 ms  DeleteObjects: 0.017600 ms)

AssetImportParameters requested are different than current active one (requested -> active):
  custom:framework-win-MediaFoundation: 216162199b28c13a410421893ffa2e32 -> 
  custom:video-decoder-ogg-theora: a1e56fd34408186e4bbccfd4996cb3dc -> 
  custom:container-muxer-webm: aa71ff27fc2769a1b78a27578f13a17b -> 
  custom:container-demuxer-webm: 4f35f7cbe854078d1ac9338744f61a02 -> 
  custom:container-demuxer-ogg: 62fdf1f143b41e24485cea50d1cbac27 -> 
  custom:video-encoder-webm-vp8: eb34c28f22e8b96e1ab97ce403110664 -> 
  custom:video-decoder-webm-vp8: 9c59270c3fd7afecdb556c50c9e8de78 -> 
  custom:audio-decoder-ogg-vorbis: bf7c407c2cedff20999df2af8eb42d56 -> 
  custom:audio-encoder-webm-vorbis: bf7c407c2cedff20999df2af8eb42d56 -> 
========================================================================
Received Prepare
Registering precompiled user dll's ...
Registered in 0.005700 seconds.
Begin MonoManager ReloadAssembly
Native extension for LinuxStandalone target not found
Native extension for WindowsStandalone target not found
Native extension for WebGL target not found
Refreshing native plugins compatible for Editor in 0.39 ms, found 2 plugins.
Preloading 0 native plugins for Editor in 0.00 ms.
Mono: successfully reloaded assembly
- Completed reload, in  0.983 seconds
Platform modules already initialized, skipping
Refreshing native plugins compatible for Editor in 0.44 ms, found 2 plugins.
Preloading 0 native plugins for Editor in 0.00 ms.
Unloading 1402 Unused Serialized files (Serialized files now loaded: 0)
System memory in use before: 70.5 MB.
System memory in use after: 70.6 MB.

Unloading 13 unused Assets to reduce memory usage. Loaded Objects now: 1863.
Total: 2.021900 ms (FindLiveObjects: 0.162700 ms CreateObjectMapping: 0.032000 ms MarkObjects: 1.807000 ms  DeleteObjects: 0.018700 ms)

AssetImportParameters requested are different than current active one (requested -> active):
  custom:framework-win-MediaFoundation: 216162199b28c13a410421893ffa2e32 -> 
  custom:video-decoder-ogg-theora: a1e56fd34408186e4bbccfd4996cb3dc -> 
  custom:container-muxer-webm: aa71ff27fc2769a1b78a27578f13a17b -> 
  custom:container-demuxer-webm: 4f35f7cbe854078d1ac9338744f61a02 -> 
  custom:container-demuxer-ogg: 62fdf1f143b41e24485cea50d1cbac27 -> 
  custom:video-encoder-webm-vp8: eb34c28f22e8b96e1ab97ce403110664 -> 
  custom:video-decoder-webm-vp8: 9c59270c3fd7afecdb556c50c9e8de78 -> 
  custom:audio-decoder-ogg-vorbis: bf7c407c2cedff20999df2af8eb42d56 -> 
  custom:audio-encoder-webm-vorbis: bf7c407c2cedff20999df2af8eb42d56 -> 
========================================================================
Received Prepare
Registering precompiled user dll's ...
Registered in 0.005462 seconds.
Begin MonoManager ReloadAssembly
Native extension for LinuxStandalone target not found
Native extension for WindowsStandalone target not found
Native extension for WebGL target not found
Refreshing native plugins compatible for Editor in 0.35 ms, found 2 plugins.
Preloading 0 native plugins for Editor in 0.00 ms.
Mono: successfully reloaded assembly
- Completed reload, in  0.995 seconds
Platform modules already initialized, skipping
Refreshing native plugins compatible for Editor in 0.48 ms, found 2 plugins.
Preloading 0 native plugins for Editor in 0.00 ms.
Unloading 1402 Unused Serialized files (Serialized files now loaded: 0)
System memory in use before: 70.5 MB.
System memory in use after: 70.6 MB.

Unloading 13 unused Assets to reduce memory usage. Loaded Objects now: 1866.
Total: 1.782100 ms (FindLiveObjects: 0.148700 ms CreateObjectMapping: 0.033000 ms MarkObjects: 1.583600 ms  DeleteObjects: 0.015600 ms)

AssetImportParameters requested are different than current active one (requested -> active):
  custom:framework-win-MediaFoundation: 216162199b28c13a410421893ffa2e32 -> 
  custom:video-decoder-ogg-theora: a1e56fd34408186e4bbccfd4996cb3dc -> 
  custom:container-muxer-webm: aa71ff27fc2769a1b78a27578f13a17b -> 
  custom:container-demuxer-webm: 4f35f7cbe854078d1ac9338744f61a02 -> 
  custom:container-demuxer-ogg: 62fdf1f143b41e24485cea50d1cbac27 -> 
  custom:video-encoder-webm-vp8: eb34c28f22e8b96e1ab97ce403110664 -> 
  custom:video-decoder-webm-vp8: 9c59270c3fd7afecdb556c50c9e8de78 -> 
  custom:audio-decoder-ogg-vorbis: bf7c407c2cedff20999df2af8eb42d56 -> 
  custom:audio-encoder-webm-vorbis: bf7c407c2cedff20999df2af8eb42d56 -> 
========================================================================
Received Prepare
Registering precompiled user dll's ...
Registered in 0.005704 seconds.
Begin MonoManager ReloadAssembly
Native extension for LinuxStandalone target not found
Native extension for WindowsStandalone target not found
Native extension for WebGL target not found
Refreshing native plugins compatible for Editor in 0.41 ms, found 2 plugins.
Preloading 0 native plugins for Editor in 0.00 ms.
Mono: successfully reloaded assembly
- Completed reload, in  0.984 seconds
Platform modules already initialized, skipping
Refreshing native plugins compatible for Editor in 0.41 ms, found 2 plugins.
Preloading 0 native plugins for Editor in 0.00 ms.
Unloading 1402 Unused Serialized files (Serialized files now loaded: 0)
System memory in use before: 70.5 MB.
System memory in use after: 70.6 MB.

Unloading 13 unused Assets to reduce memory usage. Loaded Objects now: 1869.
Total: 1.971300 ms (FindLiveObjects: 0.159900 ms CreateObjectMapping: 0.031700 ms MarkObjects: 1.760200 ms  DeleteObjects: 0.018200 ms)

AssetImportParameters requested are different than current active one (requested -> active):
  custom:framework-win-MediaFoundation: 216162199b28c13a410421893ffa2e32 -> 
  custom:video-decoder-ogg-theora: a1e56fd34408186e4bbccfd4996cb3dc -> 
  custom:container-muxer-webm: aa71ff27fc2769a1b78a27578f13a17b -> 
  custom:container-demuxer-webm: 4f35f7cbe854078d1ac9338744f61a02 -> 
  custom:container-demuxer-ogg: 62fdf1f143b41e24485cea50d1cbac27 -> 
  custom:video-encoder-webm-vp8: eb34c28f22e8b96e1ab97ce403110664 -> 
  custom:video-decoder-webm-vp8: 9c59270c3fd7afecdb556c50c9e8de78 -> 
  custom:audio-decoder-ogg-vorbis: bf7c407c2cedff20999df2af8eb42d56 -> 
  custom:audio-encoder-webm-vorbis: bf7c407c2cedff20999df2af8eb42d56 -> 
========================================================================
Received Import Request.
  Time since last request: 3682.119971 seconds.
  path: Assets/Player/Health.cs
  artifactKey: Guid(e352fc84659ae82488a7e314b67ef64d) Importer(815301076,1909f56bfc062723c751e8b465ee728b)
Start importing Assets/Player/Health.cs using Guid(e352fc84659ae82488a7e314b67ef64d) Importer(815301076,1909f56bfc062723c751e8b465ee728b)  -> (artifact id: '33a32e132b2a79981dfb2d9be6b533cc') in 0.006604 seconds 
  Import took 0.022610 seconds .

========================================================================
Received Prepare
Registering precompiled user dll's ...
Registered in 0.005050 seconds.
Begin MonoManager ReloadAssembly
Native extension for LinuxStandalone target not found
Native extension for WindowsStandalone target not found
Native extension for WebGL target not found
Refreshing native plugins compatible for Editor in 0.38 ms, found 2 plugins.
Preloading 0 native plugins for Editor in 0.00 ms.
Mono: successfully reloaded assembly
- Completed reload, in  1.001 seconds
Platform modules already initialized, skipping
Refreshing native plugins compatible for Editor in 0.39 ms, found 2 plugins.
Preloading 0 native plugins for Editor in 0.00 ms.
Unloading 1402 Unused Serialized files (Serialized files now loaded: 0)
System memory in use before: 70.5 MB.
System memory in use after: 70.6 MB.

Unloading 13 unused Assets to reduce memory usage. Loaded Objects now: 1872.
Total: 2.268100 ms (FindLiveObjects: 0.156300 ms CreateObjectMapping: 0.032400 ms MarkObjects: 2.058500 ms  DeleteObjects: 0.019500 ms)

AssetImportParameters requested are different than current active one (requested -> active):
  custom:framework-win-MediaFoundation: 216162199b28c13a410421893ffa2e32 -> 
  custom:video-decoder-ogg-theora: a1e56fd34408186e4bbccfd4996cb3dc -> 
  custom:container-muxer-webm: aa71ff27fc2769a1b78a27578f13a17b -> 
  custom:container-demuxer-webm: 4f35f7cbe854078d1ac9338744f61a02 -> 
  custom:container-demuxer-ogg: 62fdf1f143b41e24485cea50d1cbac27 -> 
  custom:video-encoder-webm-vp8: eb34c28f22e8b96e1ab97ce403110664 -> 
  custom:video-decoder-webm-vp8: 9c59270c3fd7afecdb556c50c9e8de78 -> 
  custom:audio-decoder-ogg-vorbis: bf7c407c2cedff20999df2af8eb42d56 -> 
  custom:audio-encoder-webm-vorbis: bf7c407c2cedff20999df2af8eb42d56 -> 
========================================================================
Received Prepare
Registering precompiled user dll's ...
Registered in 0.005714 seconds.
Begin MonoManager ReloadAssembly
Native extension for LinuxStandalone target not found
Native extension for WindowsStandalone target not found
Native extension for WebGL target not found
Refreshing native plugins compatible for Editor in 0.40 ms, found 2 plugins.
Preloading 0 native plugins for Editor in 0.00 ms.
Mono: successfully reloaded assembly
- Completed reload, in  0.981 seconds
Platform modules already initialized, skipping
Refreshing native plugins compatible for Editor in 0.46 ms, found 2 plugins.
Preloading 0 native plugins for Editor in 0.00 ms.
Unloading 1402 Unused Serialized files (Serialized files now loaded: 0)
System memory in use before: 70.5 MB.
System memory in use after: 70.6 MB.

Unloading 13 unused Assets to reduce memory usage. Loaded Objects now: 1875.
Total: 2.294000 ms (FindLiveObjects: 0.199000 ms CreateObjectMapping: 0.041900 ms MarkObjects: 2.031400 ms  DeleteObjects: 0.020000 ms)

AssetImportParameters requested are different than current active one (requested -> active):
  custom:framework-win-MediaFoundation: 216162199b28c13a410421893ffa2e32 -> 
  custom:video-decoder-ogg-theora: a1e56fd34408186e4bbccfd4996cb3dc -> 
  custom:container-muxer-webm: aa71ff27fc2769a1b78a27578f13a17b -> 
  custom:container-demuxer-webm: 4f35f7cbe854078d1ac9338744f61a02 -> 
  custom:container-demuxer-ogg: 62fdf1f143b41e24485cea50d1cbac27 -> 
  custom:video-encoder-webm-vp8: eb34c28f22e8b96e1ab97ce403110664 -> 
  custom:video-decoder-webm-vp8: 9c59270c3fd7afecdb556c50c9e8de78 -> 
  custom:audio-decoder-ogg-vorbis: bf7c407c2cedff20999df2af8eb42d56 -> 
  custom:audio-encoder-webm-vorbis: bf7c407c2cedff20999df2af8eb42d56 -> 
========================================================================
Received Prepare
Registering precompiled user dll's ...
Registered in 0.006093 seconds.
Begin MonoManager ReloadAssembly
Native extension for LinuxStandalone target not found
Native extension for WindowsStandalone target not found
Native extension for WebGL target not found
Refreshing native plugins compatible for Editor in 0.39 ms, found 2 plugins.
Preloading 0 native plugins for Editor in 0.00 ms.
Mono: successfully reloaded assembly
- Completed reload, in  0.934 seconds
Platform modules already initialized, skipping
Refreshing native plugins compatible for Editor in 0.34 ms, found 2 plugins.
Preloading 0 native plugins for Editor in 0.00 ms.
Unloading 1402 Unused Serialized files (Serialized files now loaded: 0)
System memory in use before: 70.5 MB.
System memory in use after: 70.6 MB.

Unloading 13 unused Assets to reduce memory usage. Loaded Objects now: 1878.
Total: 1.859400 ms (FindLiveObjects: 0.161500 ms CreateObjectMapping: 0.032800 ms MarkObjects: 1.647400 ms  DeleteObjects: 0.016400 ms)

AssetImportParameters requested are different than current active one (requested -> active):
  custom:framework-win-MediaFoundation: 216162199b28c13a410421893ffa2e32 -> 
  custom:video-decoder-ogg-theora: a1e56fd34408186e4bbccfd4996cb3dc -> 
  custom:container-muxer-webm: aa71ff27fc2769a1b78a27578f13a17b -> 
  custom:container-demuxer-webm: 4f35f7cbe854078d1ac9338744f61a02 -> 
  custom:container-demuxer-ogg: 62fdf1f143b41e24485cea50d1cbac27 -> 
  custom:video-encoder-webm-vp8: eb34c28f22e8b96e1ab97ce403110664 -> 
  custom:video-decoder-webm-vp8: 9c59270c3fd7afecdb556c50c9e8de78 -> 
  custom:audio-decoder-ogg-vorbis: bf7c407c2cedff20999df2af8eb42d56 -> 
  custom:audio-encoder-webm-vorbis: bf7c407c2cedff20999df2af8eb42d56 -> 
========================================================================
Received Import Request.
  Time since last request: 899.809212 seconds.
  path: Assets/Player/Player2.prefab
  artifactKey: Guid(6672539c6a7a24043b2e4eb751a2f84b) Importer(815301076,1909f56bfc062723c751e8b465ee728b)
Start importing Assets/Player/Player2.prefab using Guid(6672539c6a7a24043b2e4eb751a2f84b) Importer(815301076,1909f56bfc062723c751e8b465ee728b)  -> (artifact id: '85673a52e339a27642965f8bfa293967') in 0.471153 seconds 
  Import took 0.476877 seconds .

========================================================================
Received Import Request.
  Time since last request: 2.521485 seconds.
  path: Assets/Player/jetpack.cs
  artifactKey: Guid(59c67df49c3118543a12aa5c51d7d5aa) Importer(815301076,1909f56bfc062723c751e8b465ee728b)
Start importing Assets/Player/jetpack.cs using Guid(59c67df49c3118543a12aa5c51d7d5aa) Importer(815301076,1909f56bfc062723c751e8b465ee728b)  -> (artifact id: '0fff112a16ebc3410b5f44529910cceb') in 0.004094 seconds 
  Import took 0.009286 seconds .

========================================================================
Received Import Request.
  Time since last request: 0.036189 seconds.
  path: Assets/Player/jetpack.cs
  artifactKey: Guid(59c67df49c3118543a12aa5c51d7d5aa) Importer(815301076,1909f56bfc062723c751e8b465ee728b)
Start importing Assets/Player/jetpack.cs using Guid(59c67df49c3118543a12aa5c51d7d5aa) Importer(815301076,1909f56bfc062723c751e8b465ee728b)  -> (artifact id: '0fff112a16ebc3410b5f44529910cceb') in 0.015592 seconds 
  Import took 0.020962 seconds .

========================================================================
Received Import Request.
  Time since last request: 28.890364 seconds.
  path: Assets/Player/EnemyJetpack.cs
  artifactKey: Guid(9e694d72e1e690f429ecfee183205d7f) Importer(815301076,1909f56bfc062723c751e8b465ee728b)
Start importing Assets/Player/EnemyJetpack.cs using Guid(9e694d72e1e690f429ecfee183205d7f) Importer(815301076,1909f56bfc062723c751e8b465ee728b)  -> (artifact id: '58fafec10ae3bdf5aeac7fac0ea9243c') in 0.003931 seconds 
  Import took 0.009497 seconds .

========================================================================
Received Prepare
Registering precompiled user dll's ...
Registered in 0.005182 seconds.
Begin MonoManager ReloadAssembly
Native extension for LinuxStandalone target not found
Native extension for WindowsStandalone target not found
Native extension for WebGL target not found
Refreshing native plugins compatible for Editor in 0.35 ms, found 2 plugins.
Preloading 0 native plugins for Editor in 0.00 ms.
Mono: successfully reloaded assembly
- Completed reload, in  1.001 seconds
Platform modules already initialized, skipping
Refreshing native plugins compatible for Editor in 0.40 ms, found 2 plugins.
Preloading 0 native plugins for Editor in 0.00 ms.
Unloading 1403 Unused Serialized files (Serialized files now loaded: 0)
System memory in use before: 70.6 MB.
System memory in use after: 70.7 MB.

Unloading 13 unused Assets to reduce memory usage. Loaded Objects now: 1885.
Total: 2.262700 ms (FindLiveObjects: 0.225700 ms CreateObjectMapping: 0.047000 ms MarkObjects: 1.969300 ms  DeleteObjects: 0.019400 ms)

AssetImportParameters requested are different than current active one (requested -> active):
  custom:framework-win-MediaFoundation: 216162199b28c13a410421893ffa2e32 -> 
  custom:video-decoder-ogg-theora: a1e56fd34408186e4bbccfd4996cb3dc -> 
  custom:container-muxer-webm: aa71ff27fc2769a1b78a27578f13a17b -> 
  custom:container-demuxer-webm: 4f35f7cbe854078d1ac9338744f61a02 -> 
  custom:container-demuxer-ogg: 62fdf1f143b41e24485cea50d1cbac27 -> 
  custom:video-encoder-webm-vp8: eb34c28f22e8b96e1ab97ce403110664 -> 
  custom:video-decoder-webm-vp8: 9c59270c3fd7afecdb556c50c9e8de78 -> 
  custom:audio-decoder-ogg-vorbis: bf7c407c2cedff20999df2af8eb42d56 -> 
  custom:audio-encoder-webm-vorbis: bf7c407c2cedff20999df2af8eb42d56 -> 
========================================================================
Received Prepare
Registering precompiled user dll's ...
Registered in 0.008616 seconds.
Begin MonoManager ReloadAssembly
Native extension for LinuxStandalone target not found
Native extension for WindowsStandalone target not found
Native extension for WebGL target not found
Refreshing native plugins compatible for Editor in 0.35 ms, found 2 plugins.
Preloading 0 native plugins for Editor in 0.00 ms.
Mono: successfully reloaded assembly
- Completed reload, in  0.955 seconds
Platform modules already initialized, skipping
Refreshing native plugins compatible for Editor in 0.36 ms, found 2 plugins.
Preloading 0 native plugins for Editor in 0.00 ms.
Unloading 1403 Unused Serialized files (Serialized files now loaded: 0)
System memory in use before: 70.6 MB.
System memory in use after: 70.7 MB.

Unloading 13 unused Assets to reduce memory usage. Loaded Objects now: 1888.
Total: 1.870500 ms (FindLiveObjects: 0.175900 ms CreateObjectMapping: 0.032000 ms MarkObjects: 1.642300 ms  DeleteObjects: 0.019000 ms)

AssetImportParameters requested are different than current active one (requested -> active):
  custom:framework-win-MediaFoundation: 216162199b28c13a410421893ffa2e32 -> 
  custom:video-decoder-ogg-theora: a1e56fd34408186e4bbccfd4996cb3dc -> 
  custom:container-muxer-webm: aa71ff27fc2769a1b78a27578f13a17b -> 
  custom:container-demuxer-webm: 4f35f7cbe854078d1ac9338744f61a02 -> 
  custom:container-demuxer-ogg: 62fdf1f143b41e24485cea50d1cbac27 -> 
  custom:video-encoder-webm-vp8: eb34c28f22e8b96e1ab97ce403110664 -> 
  custom:video-decoder-webm-vp8: 9c59270c3fd7afecdb556c50c9e8de78 -> 
  custom:audio-decoder-ogg-vorbis: bf7c407c2cedff20999df2af8eb42d56 -> 
  custom:audio-encoder-webm-vorbis: bf7c407c2cedff20999df2af8eb42d56 -> 
========================================================================
Received Import Request.
  Time since last request: 1360.376477 seconds.
  path: Assets/Player/EnemyJetpack.cs
  artifactKey: Guid(9e694d72e1e690f429ecfee183205d7f) Importer(815301076,1909f56bfc062723c751e8b465ee728b)
Start importing Assets/Player/EnemyJetpack.cs using Guid(9e694d72e1e690f429ecfee183205d7f) Importer(815301076,1909f56bfc062723c751e8b465ee728b)  -> (artifact id: '0302edfa6b13b86766e1bed2343fe2a6') in 0.005892 seconds 
  Import took 0.010987 seconds .

========================================================================
Received Import Request.
  Time since last request: 321.180799 seconds.
  path: Assets/Player/JetPack.prefab
  artifactKey: Guid(0b1512498bb2c2044a80c4823515810f) Importer(815301076,1909f56bfc062723c751e8b465ee728b)
Start importing Assets/Player/JetPack.prefab using Guid(0b1512498bb2c2044a80c4823515810f) Importer(815301076,1909f56bfc062723c751e8b465ee728b)  -> (artifact id: 'e1cd808e669a8dc04cebd138f3eb0dbd') in 0.216766 seconds 
  Import took 0.222791 seconds .

========================================================================
Received Import Request.
  Time since last request: 0.000531 seconds.
  path: Assets/Player/Player1.prefab
  artifactKey: Guid(c8c15e326a75db348a8ed8890ca01792) Importer(815301076,1909f56bfc062723c751e8b465ee728b)
Start importing Assets/Player/Player1.prefab using Guid(c8c15e326a75db348a8ed8890ca01792) Importer(815301076,1909f56bfc062723c751e8b465ee728b)  -> (artifact id: 'de7dcd1234277a84b7505d44093fa75f') in 0.065922 seconds 
  Import took 0.071866 seconds .

========================================================================
Received Import Request.
  Time since last request: 57.550431 seconds.
  path: Assets/Player/Player2.prefab
  artifactKey: Guid(6672539c6a7a24043b2e4eb751a2f84b) Importer(815301076,1909f56bfc062723c751e8b465ee728b)
Start importing Assets/Player/Player2.prefab using Guid(6672539c6a7a24043b2e4eb751a2f84b) Importer(815301076,1909f56bfc062723c751e8b465ee728b)  -> (artifact id: '8a30dc8e0e4f5b25d5f6cd065a724598') in 0.026708 seconds 
  Import took 0.032703 seconds .

========================================================================
Received Import Request.
  Time since last request: 30.649059 seconds.
  path: Assets/Player/Player2.prefab
  artifactKey: Guid(6672539c6a7a24043b2e4eb751a2f84b) Importer(815301076,1909f56bfc062723c751e8b465ee728b)
Start importing Assets/Player/Player2.prefab using Guid(6672539c6a7a24043b2e4eb751a2f84b) Importer(815301076,1909f56bfc062723c751e8b465ee728b)  -> (artifact id: '16c5d15fb39385533a9b26b5cd8289d7') in 0.030411 seconds 
  Import took 0.036722 seconds .

========================================================================
Received Import Request.
  Time since last request: 52.155906 seconds.
  path: Assets/Player/Player2.prefab
  artifactKey: Guid(6672539c6a7a24043b2e4eb751a2f84b) Importer(815301076,1909f56bfc062723c751e8b465ee728b)
Start importing Assets/Player/Player2.prefab using Guid(6672539c6a7a24043b2e4eb751a2f84b) Importer(815301076,1909f56bfc062723c751e8b465ee728b)  -> (artifact id: 'b4cd0feaeeee6ab451e0f27a936a8f58') in 0.037017 seconds 
  Import took 0.042920 seconds .

========================================================================
Received Import Request.
  Time since last request: 18.427314 seconds.
  path: Assets/Player/Player2.prefab
  artifactKey: Guid(6672539c6a7a24043b2e4eb751a2f84b) Importer(815301076,1909f56bfc062723c751e8b465ee728b)
Start importing Assets/Player/Player2.prefab using Guid(6672539c6a7a24043b2e4eb751a2f84b) Importer(815301076,1909f56bfc062723c751e8b465ee728b)  -> (artifact id: 'ccf4abcd716a8b13408d426657fae2f9') in 0.023543 seconds 
  Import took 0.031020 seconds .

========================================================================
Received Import Request.
  Time since last request: 2.495366 seconds.
  path: Assets/Player/Player2.prefab
  artifactKey: Guid(6672539c6a7a24043b2e4eb751a2f84b) Importer(815301076,1909f56bfc062723c751e8b465ee728b)
Start importing Assets/Player/Player2.prefab using Guid(6672539c6a7a24043b2e4eb751a2f84b) Importer(815301076,1909f56bfc062723c751e8b465ee728b)  -> (artifact id: 'aac490f2cc672723d28fd5a3368cb131') in 0.077379 seconds 
  Import took 0.084377 seconds .

========================================================================
Received Import Request.
  Time since last request: 8.216775 seconds.
  path: Assets/Player/Player2.prefab
  artifactKey: Guid(6672539c6a7a24043b2e4eb751a2f84b) Importer(815301076,1909f56bfc062723c751e8b465ee728b)
Start importing Assets/Player/Player2.prefab using Guid(6672539c6a7a24043b2e4eb751a2f84b) Importer(815301076,1909f56bfc062723c751e8b465ee728b)  -> (artifact id: 'ff7c6decfde4252188665ff2ca58b8b3') in 0.020891 seconds 
  Import took 0.029428 seconds .

========================================================================
Received Import Request.
  Time since last request: 59.041405 seconds.
  path: Assets/Player/JetPack.prefab
  artifactKey: Guid(0b1512498bb2c2044a80c4823515810f) Importer(815301076,1909f56bfc062723c751e8b465ee728b)
Start importing Assets/Player/JetPack.prefab using Guid(0b1512498bb2c2044a80c4823515810f) Importer(815301076,1909f56bfc062723c751e8b465ee728b)  -> (artifact id: '855e3e6fbc4fdbbe9492a42f3e5d1e0a') in 0.015941 seconds 
  Import took 0.022144 seconds .

========================================================================
Received Import Request.
  Time since last request: 0.000856 seconds.
  path: Assets/Player/Player1.prefab
  artifactKey: Guid(c8c15e326a75db348a8ed8890ca01792) Importer(815301076,1909f56bfc062723c751e8b465ee728b)
Start importing Assets/Player/Player1.prefab using Guid(c8c15e326a75db348a8ed8890ca01792) Importer(815301076,1909f56bfc062723c751e8b465ee728b)  -> (artifact id: '96ef52b6c5e92104813e23081ce8b36c') in 0.023228 seconds 
  Import took 0.029440 seconds .

========================================================================
Received Import Request.
  Time since last request: 0.000532 seconds.
  path: Assets/Player/Player2.prefab
  artifactKey: Guid(6672539c6a7a24043b2e4eb751a2f84b) Importer(815301076,1909f56bfc062723c751e8b465ee728b)
Start importing Assets/Player/Player2.prefab using Guid(6672539c6a7a24043b2e4eb751a2f84b) Importer(815301076,1909f56bfc062723c751e8b465ee728b)  -> (artifact id: 'e15e113c730ec2c28c6ee157df08ad66') in 0.023219 seconds 
  Import took 0.029267 seconds .

========================================================================
Received Prepare
Registering precompiled user dll's ...
Registered in 0.005063 seconds.
Begin MonoManager ReloadAssembly
Native extension for LinuxStandalone target not found
Native extension for WindowsStandalone target not found
Native extension for WebGL target not found
Refreshing native plugins compatible for Editor in 0.46 ms, found 2 plugins.
Preloading 0 native plugins for Editor in 0.00 ms.
Mono: successfully reloaded assembly
- Completed reload, in  1.059 seconds
Platform modules already initialized, skipping
Refreshing native plugins compatible for Editor in 0.45 ms, found 2 plugins.
Preloading 0 native plugins for Editor in 0.00 ms.
Unloading 1403 Unused Serialized files (Serialized files now loaded: 0)
System memory in use before: 70.7 MB.
System memory in use after: 70.8 MB.

Unloading 15 unused Assets to reduce memory usage. Loaded Objects now: 1892.
Total: 2.275800 ms (FindLiveObjects: 0.186300 ms CreateObjectMapping: 0.032900 ms MarkObjects: 2.010800 ms  DeleteObjects: 0.043900 ms)

AssetImportParameters requested are different than current active one (requested -> active):
  custom:framework-win-MediaFoundation: 216162199b28c13a410421893ffa2e32 -> 
  custom:video-decoder-ogg-theora: a1e56fd34408186e4bbccfd4996cb3dc -> 
  custom:container-muxer-webm: aa71ff27fc2769a1b78a27578f13a17b -> 
  custom:container-demuxer-webm: 4f35f7cbe854078d1ac9338744f61a02 -> 
  custom:container-demuxer-ogg: 62fdf1f143b41e24485cea50d1cbac27 -> 
  custom:video-encoder-webm-vp8: eb34c28f22e8b96e1ab97ce403110664 -> 
  custom:video-decoder-webm-vp8: 9c59270c3fd7afecdb556c50c9e8de78 -> 
  custom:audio-decoder-ogg-vorbis: bf7c407c2cedff20999df2af8eb42d56 -> 
  custom:audio-encoder-webm-vorbis: bf7c407c2cedff20999df2af8eb42d56 -> 
========================================================================
Received Import Request.
  Time since last request: 136.172543 seconds.
  path: Assets/Player/JetPack 1.prefab
  artifactKey: Guid(1476ce4d4f0cbfd4b8afd48d209bf980) Importer(815301076,1909f56bfc062723c751e8b465ee728b)
Start importing Assets/Player/JetPack 1.prefab using Guid(1476ce4d4f0cbfd4b8afd48d209bf980) Importer(815301076,1909f56bfc062723c751e8b465ee728b)  -> (artifact id: 'd20f1ff493429d31b3599cb32257dd5e') in 0.073555 seconds 
  Import took 0.080315 seconds .

========================================================================
Received Import Request.
  Time since last request: 0.000709 seconds.
  path: Assets/Player/Player2.prefab
  artifactKey: Guid(6672539c6a7a24043b2e4eb751a2f84b) Importer(815301076,1909f56bfc062723c751e8b465ee728b)
Start importing Assets/Player/Player2.prefab using Guid(6672539c6a7a24043b2e4eb751a2f84b) Importer(815301076,1909f56bfc062723c751e8b465ee728b)  -> (artifact id: 'd9545c5ed1ebd36dfd062e521d0a7b1f') in 0.032912 seconds 
  Import took 0.039131 seconds .

========================================================================
Received Import Request.
  Time since last request: 0.001651 seconds.
  path: Assets/Player/Player2.prefab
  artifactKey: Guid(6672539c6a7a24043b2e4eb751a2f84b) Importer(815301076,1909f56bfc062723c751e8b465ee728b)
Start importing Assets/Player/Player2.prefab using Guid(6672539c6a7a24043b2e4eb751a2f84b) Importer(815301076,1909f56bfc062723c751e8b465ee728b)  -> (artifact id: 'd9545c5ed1ebd36dfd062e521d0a7b1f') in 0.023933 seconds 
  Import took 0.029918 seconds .

========================================================================
Received Import Request.
  Time since last request: 17.214703 seconds.
  path: Assets/Player/SajatJetpack.prefab
  artifactKey: Guid(0b1512498bb2c2044a80c4823515810f) Importer(815301076,1909f56bfc062723c751e8b465ee728b)
Start importing Assets/Player/SajatJetpack.prefab using Guid(0b1512498bb2c2044a80c4823515810f) Importer(815301076,1909f56bfc062723c751e8b465ee728b)  -> (artifact id: 'cb9c46614ed315e3bed4b0c4b2bd5305') in 0.016146 seconds 
  Import took 0.071735 seconds .

========================================================================
Received Import Request.
  Time since last request: 0.000493 seconds.
  path: Assets/Player/Player1.prefab
  artifactKey: Guid(c8c15e326a75db348a8ed8890ca01792) Importer(815301076,1909f56bfc062723c751e8b465ee728b)
Start importing Assets/Player/Player1.prefab using Guid(c8c15e326a75db348a8ed8890ca01792) Importer(815301076,1909f56bfc062723c751e8b465ee728b)  -> (artifact id: 'd595a41e1e8d1c42d6f24fee2104e78a') in 0.022532 seconds 
  Import took 0.028531 seconds .

========================================================================
Received Import Request.
  Time since last request: 0.010870 seconds.
  path: Assets/Player/Player1.prefab
  artifactKey: Guid(c8c15e326a75db348a8ed8890ca01792) Importer(815301076,1909f56bfc062723c751e8b465ee728b)
Start importing Assets/Player/Player1.prefab using Guid(c8c15e326a75db348a8ed8890ca01792) Importer(815301076,1909f56bfc062723c751e8b465ee728b)  -> (artifact id: 'd595a41e1e8d1c42d6f24fee2104e78a') in 0.022294 seconds 
  Import took 0.029024 seconds .

========================================================================
Received Import Request.
  Time since last request: 6.304905 seconds.
  path: Assets/Player/EnemyJetpack.prefab
  artifactKey: Guid(1476ce4d4f0cbfd4b8afd48d209bf980) Importer(815301076,1909f56bfc062723c751e8b465ee728b)
Start importing Assets/Player/EnemyJetpack.prefab using Guid(1476ce4d4f0cbfd4b8afd48d209bf980) Importer(815301076,1909f56bfc062723c751e8b465ee728b)  -> (artifact id: '7854527cac54f965d2001c191223de53') in 0.015246 seconds 
  Import took 0.020695 seconds .

========================================================================
Received Import Request.
  Time since last request: 0.000814 seconds.
  path: Assets/Player/Player2.prefab
  artifactKey: Guid(6672539c6a7a24043b2e4eb751a2f84b) Importer(815301076,1909f56bfc062723c751e8b465ee728b)
Start importing Assets/Player/Player2.prefab using Guid(6672539c6a7a24043b2e4eb751a2f84b) Importer(815301076,1909f56bfc062723c751e8b465ee728b)  -> (artifact id: '07828bdcf88a19a9b26f476d80a04881') in 0.021578 seconds 
  Import took 0.028368 seconds .

========================================================================
Received Import Request.
  Time since last request: 51.997776 seconds.
  path: Assets/Player/Player2.prefab
  artifactKey: Guid(6672539c6a7a24043b2e4eb751a2f84b) Importer(815301076,1909f56bfc062723c751e8b465ee728b)
Start importing Assets/Player/Player2.prefab using Guid(6672539c6a7a24043b2e4eb751a2f84b) Importer(815301076,1909f56bfc062723c751e8b465ee728b)  -> (artifact id: '94d4b8c595d7b9691fdaf5c0b1a5e027') in 0.074310 seconds 
  Import took 0.080590 seconds .

========================================================================
Received Import Request.
  Time since last request: 59.824529 seconds.
  path: Assets/Player/Player1.prefab
  artifactKey: Guid(c8c15e326a75db348a8ed8890ca01792) Importer(815301076,1909f56bfc062723c751e8b465ee728b)
Start importing Assets/Player/Player1.prefab using Guid(c8c15e326a75db348a8ed8890ca01792) Importer(815301076,1909f56bfc062723c751e8b465ee728b)  -> (artifact id: 'a941e027b78aae5c3dffaab314f2cffc') in 0.064546 seconds 
  Import took 0.072639 seconds .

========================================================================
Received Import Request.
  Time since last request: 4.977067 seconds.
  path: Assets/Player/Player1.prefab
  artifactKey: Guid(c8c15e326a75db348a8ed8890ca01792) Importer(815301076,1909f56bfc062723c751e8b465ee728b)
Start importing Assets/Player/Player1.prefab using Guid(c8c15e326a75db348a8ed8890ca01792) Importer(815301076,1909f56bfc062723c751e8b465ee728b)  -> (artifact id: '385319acdbeec506f90376744ef6f126') in 0.025023 seconds 
  Import took 0.030879 seconds .

========================================================================
Received Import Request.
  Time since last request: 11.294752 seconds.
  path: Assets/Player/Player1.prefab
  artifactKey: Guid(c8c15e326a75db348a8ed8890ca01792) Importer(815301076,1909f56bfc062723c751e8b465ee728b)
Start importing Assets/Player/Player1.prefab using Guid(c8c15e326a75db348a8ed8890ca01792) Importer(815301076,1909f56bfc062723c751e8b465ee728b)  -> (artifact id: 'd1252295240aa8b9e2089ac919fb537c') in 0.023900 seconds 
  Import took 0.031310 seconds .

========================================================================
Received Import Request.
  Time since last request: 6.927038 seconds.
  path: Assets/Player/Player1.prefab
  artifactKey: Guid(c8c15e326a75db348a8ed8890ca01792) Importer(815301076,1909f56bfc062723c751e8b465ee728b)
Start importing Assets/Player/Player1.prefab using Guid(c8c15e326a75db348a8ed8890ca01792) Importer(815301076,1909f56bfc062723c751e8b465ee728b)  -> (artifact id: 'e23db8fe7791633ee9fdf7d8fd08f219') in 0.022834 seconds 
  Import took 0.028689 seconds .

========================================================================
Received Import Request.
  Time since last request: 5.448426 seconds.
  path: Assets/Player/Player1.prefab
  artifactKey: Guid(c8c15e326a75db348a8ed8890ca01792) Importer(815301076,1909f56bfc062723c751e8b465ee728b)
Start importing Assets/Player/Player1.prefab using Guid(c8c15e326a75db348a8ed8890ca01792) Importer(815301076,1909f56bfc062723c751e8b465ee728b)  -> (artifact id: 'cda5140b4e0e58221ac23d48281bc213') in 0.024257 seconds 
  Import took 0.030211 seconds .

========================================================================
Received Import Request.
  Time since last request: 13.091541 seconds.
  path: Assets/Player/Player1.prefab
  artifactKey: Guid(c8c15e326a75db348a8ed8890ca01792) Importer(815301076,1909f56bfc062723c751e8b465ee728b)
Start importing Assets/Player/Player1.prefab using Guid(c8c15e326a75db348a8ed8890ca01792) Importer(815301076,1909f56bfc062723c751e8b465ee728b)  -> (artifact id: '1b26641a39120c75ecd6ef9aefdfc2a2') in 0.022480 seconds 
  Import took 0.028519 seconds .

========================================================================
Received Import Request.
  Time since last request: 2.009614 seconds.
  path: Assets/Player/Player1.prefab
  artifactKey: Guid(c8c15e326a75db348a8ed8890ca01792) Importer(815301076,1909f56bfc062723c751e8b465ee728b)
Start importing Assets/Player/Player1.prefab using Guid(c8c15e326a75db348a8ed8890ca01792) Importer(815301076,1909f56bfc062723c751e8b465ee728b)  -> (artifact id: 'eddf489997eefb0a8aaca27090c06f3f') in 0.021777 seconds 
  Import took 0.028926 seconds .

========================================================================
Received Import Request.
  Time since last request: 2.821298 seconds.
  path: Assets/Player/Player1.prefab
  artifactKey: Guid(c8c15e326a75db348a8ed8890ca01792) Importer(815301076,1909f56bfc062723c751e8b465ee728b)
Start importing Assets/Player/Player1.prefab using Guid(c8c15e326a75db348a8ed8890ca01792) Importer(815301076,1909f56bfc062723c751e8b465ee728b)  -> (artifact id: '41cc9c834b965c9c9de36ed986eacbbd') in 0.032382 seconds 
  Import took 0.038295 seconds .

========================================================================
Received Import Request.
  Time since last request: 6.113653 seconds.
  path: Assets/Player/Player1.prefab
  artifactKey: Guid(c8c15e326a75db348a8ed8890ca01792) Importer(815301076,1909f56bfc062723c751e8b465ee728b)
Start importing Assets/Player/Player1.prefab using Guid(c8c15e326a75db348a8ed8890ca01792) Importer(815301076,1909f56bfc062723c751e8b465ee728b)  -> (artifact id: 'c643b599e17c44de26279a50d58dae55') in 0.034548 seconds 
  Import took 0.040290 seconds .

========================================================================
Received Import Request.
  Time since last request: 0.025680 seconds.
  path: Assets/Player/SajatJetpack.prefab
  artifactKey: Guid(0b1512498bb2c2044a80c4823515810f) Importer(815301076,1909f56bfc062723c751e8b465ee728b)
Start importing Assets/Player/SajatJetpack.prefab using Guid(0b1512498bb2c2044a80c4823515810f) Importer(815301076,1909f56bfc062723c751e8b465ee728b)  -> (artifact id: '49be4df80fddc2d16d5fb69258f8fd52') in 0.016120 seconds 
  Import took 0.022191 seconds .

========================================================================
Received Prepare
Registering precompiled user dll's ...
Registered in 0.005883 seconds.
Begin MonoManager ReloadAssembly
Native extension for LinuxStandalone target not found
Native extension for WindowsStandalone target not found
Native extension for WebGL target not found
Refreshing native plugins compatible for Editor in 0.43 ms, found 2 plugins.
Preloading 0 native plugins for Editor in 0.00 ms.
Mono: successfully reloaded assembly
- Completed reload, in  1.000 seconds
Platform modules already initialized, skipping
Refreshing native plugins compatible for Editor in 0.78 ms, found 2 plugins.
Preloading 0 native plugins for Editor in 0.00 ms.
Unloading 1403 Unused Serialized files (Serialized files now loaded: 0)
System memory in use before: 70.8 MB.
System memory in use after: 70.9 MB.

Unloading 15 unused Assets to reduce memory usage. Loaded Objects now: 1896.
Total: 2.292500 ms (FindLiveObjects: 0.217200 ms CreateObjectMapping: 0.036600 ms MarkObjects: 1.991400 ms  DeleteObjects: 0.044900 ms)

AssetImportParameters requested are different than current active one (requested -> active):
  custom:framework-win-MediaFoundation: 216162199b28c13a410421893ffa2e32 -> 
  custom:video-decoder-ogg-theora: a1e56fd34408186e4bbccfd4996cb3dc -> 
  custom:container-muxer-webm: aa71ff27fc2769a1b78a27578f13a17b -> 
  custom:container-demuxer-webm: 4f35f7cbe854078d1ac9338744f61a02 -> 
  custom:container-demuxer-ogg: 62fdf1f143b41e24485cea50d1cbac27 -> 
  custom:video-encoder-webm-vp8: eb34c28f22e8b96e1ab97ce403110664 -> 
  custom:video-decoder-webm-vp8: 9c59270c3fd7afecdb556c50c9e8de78 -> 
  custom:audio-decoder-ogg-vorbis: bf7c407c2cedff20999df2af8eb42d56 -> 
  custom:audio-encoder-webm-vorbis: bf7c407c2cedff20999df2af8eb42d56 -> 
========================================================================
Received Prepare
Registering precompiled user dll's ...
Registered in 0.005235 seconds.
Begin MonoManager ReloadAssembly
Native extension for LinuxStandalone target not found
Native extension for WindowsStandalone target not found
Native extension for WebGL target not found
Refreshing native plugins compatible for Editor in 0.49 ms, found 2 plugins.
Preloading 0 native plugins for Editor in 0.00 ms.
Mono: successfully reloaded assembly
- Completed reload, in  1.126 seconds
Platform modules already initialized, skipping
Refreshing native plugins compatible for Editor in 0.43 ms, found 2 plugins.
Preloading 0 native plugins for Editor in 0.00 ms.
Unloading 1403 Unused Serialized files (Serialized files now loaded: 0)
System memory in use before: 70.8 MB.
System memory in use after: 70.9 MB.

Unloading 13 unused Assets to reduce memory usage. Loaded Objects now: 1899.
Total: 1.982800 ms (FindLiveObjects: 0.169500 ms CreateObjectMapping: 0.038800 ms MarkObjects: 1.753700 ms  DeleteObjects: 0.019400 ms)

AssetImportParameters requested are different than current active one (requested -> active):
  custom:framework-win-MediaFoundation: 216162199b28c13a410421893ffa2e32 -> 
  custom:video-decoder-ogg-theora: a1e56fd34408186e4bbccfd4996cb3dc -> 
  custom:container-muxer-webm: aa71ff27fc2769a1b78a27578f13a17b -> 
  custom:container-demuxer-webm: 4f35f7cbe854078d1ac9338744f61a02 -> 
  custom:container-demuxer-ogg: 62fdf1f143b41e24485cea50d1cbac27 -> 
  custom:video-encoder-webm-vp8: eb34c28f22e8b96e1ab97ce403110664 -> 
  custom:video-decoder-webm-vp8: 9c59270c3fd7afecdb556c50c9e8de78 -> 
  custom:audio-decoder-ogg-vorbis: bf7c407c2cedff20999df2af8eb42d56 -> 
  custom:audio-encoder-webm-vorbis: bf7c407c2cedff20999df2af8eb42d56 -> 
========================================================================
Received Import Request.
  Time since last request: 122.822145 seconds.
  path: Assets/Player/HealthBar.cs
  artifactKey: Guid(c647f8fa921edca45a0baeaebce30da9) Importer(815301076,1909f56bfc062723c751e8b465ee728b)
Start importing Assets/Player/HealthBar.cs using Guid(c647f8fa921edca45a0baeaebce30da9) Importer(815301076,1909f56bfc062723c751e8b465ee728b)  -> (artifact id: '3f31d553d1b8b0c9bbc42b0974819a08') in 0.007212 seconds 
  Import took 0.021619 seconds .

AssetImportWorkerClient::OnTransportError - code=2 error=End of file
